2015-06-10 16:19:56,040 WARN  [DefaultSoapUICore] Missing folder [/home/krzysiek/ext] for external libraries
2015-06-10 16:19:56,471 INFO  [DefaultSoapUICore] initialized soapui-settings from [/home/krzysiek/soapui-settings.xml]
2015-06-10 16:19:57,362 INFO  [WorkspaceImpl] Loading workspace from [/home/krzysiek/intellij-soapui-workspace.xml]
2015-06-10 16:21:40,105 INFO  [WorkspaceImpl] Saved workspace to [/home/krzysiek/intellij-soapui-workspace.xml]
2015-06-10 16:21:40,112 INFO  [DefaultSoapUICore] Settings saved to [/home/krzysiek/soapui-settings.xml]
2015-06-10 16:29:36,221 INFO  [WorkspaceImpl] Saved workspace to [/home/krzysiek/intellij-soapui-workspace.xml]
2015-06-10 16:29:36,224 INFO  [DefaultSoapUICore] Settings saved to [/home/krzysiek/soapui-settings.xml]
2015-06-10 16:29:56,550 INFO  [WorkspaceImpl] Saved workspace to [/home/krzysiek/intellij-soapui-workspace.xml]
2015-06-10 16:29:56,551 INFO  [DefaultSoapUICore] Settings saved to [/home/krzysiek/soapui-settings.xml]
2015-06-10 16:31:11,230 INFO  [WorkspaceImpl] Saved workspace to [/home/krzysiek/intellij-soapui-workspace.xml]
2015-06-10 16:31:11,231 INFO  [DefaultSoapUICore] Settings saved to [/home/krzysiek/soapui-settings.xml]
2015-06-10 16:33:37,193 INFO  [WorkspaceImpl] Saved workspace to [/home/krzysiek/intellij-soapui-workspace.xml]
2015-06-10 16:33:37,196 INFO  [DefaultSoapUICore] Settings saved to [/home/krzysiek/soapui-settings.xml]
2015-06-10 16:37:10,510 INFO  [WorkspaceImpl] Saved workspace to [/home/krzysiek/intellij-soapui-workspace.xml]
2015-06-10 16:37:10,515 INFO  [DefaultSoapUICore] Settings saved to [/home/krzysiek/soapui-settings.xml]
2015-06-10 16:37:22,660 INFO  [WorkspaceImpl] Saved workspace to [/home/krzysiek/intellij-soapui-workspace.xml]
2015-06-10 16:37:22,662 INFO  [DefaultSoapUICore] Settings saved to [/home/krzysiek/soapui-settings.xml]
2015-06-10 16:37:32,228 INFO  [WorkspaceImpl] Saved workspace to [/home/krzysiek/intellij-soapui-workspace.xml]
2015-06-10 16:37:32,229 INFO  [DefaultSoapUICore] Settings saved to [/home/krzysiek/soapui-settings.xml]
2015-06-10 16:40:37,535 INFO  [WorkspaceImpl] Saved workspace to [/home/krzysiek/intellij-soapui-workspace.xml]
2015-06-10 16:40:37,538 INFO  [DefaultSoapUICore] Settings saved to [/home/krzysiek/soapui-settings.xml]
